2025-09-29 13:29:45.255 [main] INFO  com.yqmy.YqmyWebApplication - Starting YqmyWebApplication v1.0-SNAPSHOT using Java 17.0.2 on DESKTOP-H75TK46 with PID 1 (/app/yqmy-web.jar started by root in /app)
2025-09-29 13:29:45.258 [main] DEBUG com.yqmy.YqmyWebApplication - Running with Spring Boot v2.7.17, Spring v5.3.30
2025-09-29 13:29:45.258 [main] INFO  com.yqmy.YqmyWebApplication - The following 1 profile is active: "prod"
2025-09-29 13:29:45.891 [main] INFO  o.s.d.r.c.RepositoryConfigurationDelegate - Multiple Spring Data modules found, entering strict repository configuration mode
2025-09-29 13:29:45.892 [main] INFO  o.s.d.r.c.RepositoryConfigurationDelegate - Bootstrapping Spring Data Redis repositories in DEFAULT mode.
2025-09-29 13:29:45.906 [main] INFO  o.s.d.r.c.RepositoryConfigurationDelegate - Finished Spring Data repository scanning in 4 ms. Found 0 Redis repository interfaces.
2025-09-29 13:29:45.975 [main] DEBUG o.m.s.mapper.ClassPathMapperScanner - Identified candidate component class: URL [jar:file:/app/yqmy-web.jar!/BOOT-INF/classes!/com/yqmy/mapper/UserMapper.class]
2025-09-29 13:29:45.976 [main] DEBUG o.m.s.mapper.ClassPathMapperScanner - Creating MapperFactoryBean with name 'userMapper' and 'com.yqmy.mapper.UserMapper' mapperInterface
2025-09-29 13:29:46.381 [main] INFO  o.s.b.w.e.tomcat.TomcatWebServer - Tomcat initialized with port(s): 8080 (http)
2025-09-29 13:29:46.387 [main] INFO  o.a.coyote.http11.Http11NioProtocol - Initializing ProtocolHandler ["http-nio-8080"]
2025-09-29 13:29:46.389 [main] INFO  o.a.catalina.core.StandardService - Starting service [Tomcat]
2025-09-29 13:29:46.389 [main] INFO  o.a.catalina.core.StandardEngine - Starting Servlet engine: [Apache Tomcat/9.0.82]
2025-09-29 13:29:46.435 [main] INFO  o.a.c.c.C.[Tomcat].[localhost].[/] - Initializing Spring embedded WebApplicationContext
2025-09-29 13:29:46.436 [main] INFO  o.s.b.w.s.c.ServletWebServerApplicationContext - Root WebApplicationContext: initialization completed in 1133 ms
2025-09-29 13:29:47.605 [main] DEBUG o.s.jdbc.datasource.DataSourceUtils - Fetching JDBC Connection from DataSource
2025-09-29 13:29:47.605 [main] INFO  com.zaxxer.hikari.HikariDataSource - HikariPool-1 - Starting...
2025-09-29 13:29:47.668 [main] INFO  com.zaxxer.hikari.HikariDataSource - HikariPool-1 - Start completed.
2025-09-29 13:29:47.722 [main] INFO  o.a.coyote.http11.Http11NioProtocol - Starting ProtocolHandler ["http-nio-8080"]
2025-09-29 13:29:47.733 [main] INFO  o.s.b.w.e.tomcat.TomcatWebServer - Tomcat started on port(s): 8080 (http) with context path ''
2025-09-29 13:29:47.902 [main] INFO  com.yqmy.YqmyWebApplication - Started YqmyWebApplication in 3.002 seconds (JVM running for 3.291)
