2025-09-30 01:22:11.947 [http-nio-8080-exec-1] INFO  o.a.c.c.C.[Tomcat].[localhost].[/] - Initializing Spring DispatcherServlet 'dispatcherServlet'
2025-09-30 01:22:11.949 [http-nio-8080-exec-1] INFO  o.s.web.servlet.DispatcherServlet - Initializing Servlet 'dispatcherServlet'
2025-09-30 01:22:11.950 [http-nio-8080-exec-1] INFO  o.s.web.servlet.DispatcherServlet - Completed initialization in 1 ms
2025-09-30 01:24:34.283 [SpringApplicationShutdownHook] INFO  com.zaxxer.hikari.HikariDataSource - HikariPool-1 - Shutdown initiated...
2025-09-30 01:24:34.285 [SpringApplicationShutdownHook] INFO  com.zaxxer.hikari.HikariDataSource - HikariPool-1 - Shutdown completed.
2025-09-30 01:24:35.426 [main] INFO  com.yqmy.YqmyWebApplication - Starting YqmyWebApplication v1.0-SNAPSHOT using Java 17.0.2 on DESKTOP-H75TK46 with PID 1 (/app/yqmy-web.jar started by root in /app)
2025-09-30 01:24:35.429 [main] DEBUG com.yqmy.YqmyWebApplication - Running with Spring Boot v2.7.17, Spring v5.3.30
2025-09-30 01:24:35.429 [main] INFO  com.yqmy.YqmyWebApplication - The following 1 profile is active: "prod"
2025-09-30 01:24:36.051 [main] INFO  o.s.d.r.c.RepositoryConfigurationDelegate - Multiple Spring Data modules found, entering strict repository configuration mode
2025-09-30 01:24:36.052 [main] INFO  o.s.d.r.c.RepositoryConfigurationDelegate - Bootstrapping Spring Data Redis repositories in DEFAULT mode.
2025-09-30 01:24:36.066 [main] INFO  o.s.d.r.c.RepositoryConfigurationDelegate - Finished Spring Data repository scanning in 4 ms. Found 0 Redis repository interfaces.
2025-09-30 01:24:36.143 [main] DEBUG o.m.s.mapper.ClassPathMapperScanner - Identified candidate component class: URL [jar:file:/app/yqmy-web.jar!/BOOT-INF/classes!/com/yqmy/mapper/UserMapper.class]
2025-09-30 01:24:36.144 [main] DEBUG o.m.s.mapper.ClassPathMapperScanner - Creating MapperFactoryBean with name 'userMapper' and 'com.yqmy.mapper.UserMapper' mapperInterface
2025-09-30 01:24:36.557 [main] INFO  o.s.b.w.e.tomcat.TomcatWebServer - Tomcat initialized with port(s): 8080 (http)
2025-09-30 01:24:36.562 [main] INFO  o.a.coyote.http11.Http11NioProtocol - Initializing ProtocolHandler ["http-nio-8080"]
2025-09-30 01:24:36.563 [main] INFO  o.a.catalina.core.StandardService - Starting service [Tomcat]
2025-09-30 01:24:36.564 [main] INFO  o.a.catalina.core.StandardEngine - Starting Servlet engine: [Apache Tomcat/9.0.82]
2025-09-30 01:24:36.613 [main] INFO  o.a.c.c.C.[Tomcat].[localhost].[/] - Initializing Spring embedded WebApplicationContext
2025-09-30 01:24:36.613 [main] INFO  o.s.b.w.s.c.ServletWebServerApplicationContext - Root WebApplicationContext: initialization completed in 1132 ms
2025-09-30 01:24:37.802 [main] DEBUG o.s.jdbc.datasource.DataSourceUtils - Fetching JDBC Connection from DataSource
2025-09-30 01:24:37.803 [main] INFO  com.zaxxer.hikari.HikariDataSource - HikariPool-1 - Starting...
2025-09-30 01:24:37.859 [main] INFO  com.zaxxer.hikari.HikariDataSource - HikariPool-1 - Start completed.
2025-09-30 01:24:37.906 [main] INFO  o.a.coyote.http11.Http11NioProtocol - Starting ProtocolHandler ["http-nio-8080"]
2025-09-30 01:24:37.918 [main] INFO  o.s.b.w.e.tomcat.TomcatWebServer - Tomcat started on port(s): 8080 (http) with context path ''
2025-09-30 01:24:38.083 [main] INFO  com.yqmy.YqmyWebApplication - Started YqmyWebApplication in 3.012 seconds (JVM running for 3.317)
2025-09-30 01:26:49.131 [SpringApplicationShutdownHook] INFO  com.zaxxer.hikari.HikariDataSource - HikariPool-1 - Shutdown initiated...
2025-09-30 01:26:49.134 [SpringApplicationShutdownHook] INFO  com.zaxxer.hikari.HikariDataSource - HikariPool-1 - Shutdown completed.
2025-09-30 01:26:50.293 [main] INFO  com.yqmy.YqmyWebApplication - Starting YqmyWebApplication v1.0-SNAPSHOT using Java 17.0.2 on DESKTOP-H75TK46 with PID 1 (/app/yqmy-web.jar started by root in /app)
2025-09-30 01:26:50.296 [main] DEBUG com.yqmy.YqmyWebApplication - Running with Spring Boot v2.7.17, Spring v5.3.30
2025-09-30 01:26:50.296 [main] INFO  com.yqmy.YqmyWebApplication - The following 1 profile is active: "prod"
2025-09-30 01:26:50.908 [main] INFO  o.s.d.r.c.RepositoryConfigurationDelegate - Multiple Spring Data modules found, entering strict repository configuration mode
2025-09-30 01:26:50.911 [main] INFO  o.s.d.r.c.RepositoryConfigurationDelegate - Bootstrapping Spring Data Redis repositories in DEFAULT mode.
2025-09-30 01:26:50.927 [main] INFO  o.s.d.r.c.RepositoryConfigurationDelegate - Finished Spring Data repository scanning in 6 ms. Found 0 Redis repository interfaces.
2025-09-30 01:26:51.009 [main] DEBUG o.m.s.mapper.ClassPathMapperScanner - Identified candidate component class: URL [jar:file:/app/yqmy-web.jar!/BOOT-INF/classes!/com/yqmy/mapper/UserMapper.class]
2025-09-30 01:26:51.010 [main] DEBUG o.m.s.mapper.ClassPathMapperScanner - Creating MapperFactoryBean with name 'userMapper' and 'com.yqmy.mapper.UserMapper' mapperInterface
2025-09-30 01:26:51.409 [main] INFO  o.s.b.w.e.tomcat.TomcatWebServer - Tomcat initialized with port(s): 8080 (http)
2025-09-30 01:26:51.414 [main] INFO  o.a.coyote.http11.Http11NioProtocol - Initializing ProtocolHandler ["http-nio-8080"]
2025-09-30 01:26:51.416 [main] INFO  o.a.catalina.core.StandardService - Starting service [Tomcat]
2025-09-30 01:26:51.416 [main] INFO  o.a.catalina.core.StandardEngine - Starting Servlet engine: [Apache Tomcat/9.0.82]
2025-09-30 01:26:51.461 [main] INFO  o.a.c.c.C.[Tomcat].[localhost].[/] - Initializing Spring embedded WebApplicationContext
2025-09-30 01:26:51.461 [main] INFO  o.s.b.w.s.c.ServletWebServerApplicationContext - Root WebApplicationContext: initialization completed in 1119 ms
2025-09-30 01:26:52.607 [main] DEBUG o.s.jdbc.datasource.DataSourceUtils - Fetching JDBC Connection from DataSource
2025-09-30 01:26:52.608 [main] INFO  com.zaxxer.hikari.HikariDataSource - HikariPool-1 - Starting...
2025-09-30 01:26:52.667 [main] INFO  com.zaxxer.hikari.HikariDataSource - HikariPool-1 - Start completed.
2025-09-30 01:26:52.716 [main] INFO  o.a.coyote.http11.Http11NioProtocol - Starting ProtocolHandler ["http-nio-8080"]
2025-09-30 01:26:52.730 [main] INFO  o.s.b.w.e.tomcat.TomcatWebServer - Tomcat started on port(s): 8080 (http) with context path ''
2025-09-30 01:26:52.896 [main] INFO  com.yqmy.YqmyWebApplication - Started YqmyWebApplication in 2.957 seconds (JVM running for 3.269)
2025-09-30 01:27:46.916 [http-nio-8080-exec-1] INFO  o.a.c.c.C.[Tomcat].[localhost].[/] - Initializing Spring DispatcherServlet 'dispatcherServlet'
2025-09-30 01:27:46.916 [http-nio-8080-exec-1] INFO  o.s.web.servlet.DispatcherServlet - Initializing Servlet 'dispatcherServlet'
2025-09-30 01:27:46.917 [http-nio-8080-exec-1] INFO  o.s.web.servlet.DispatcherServlet - Completed initialization in 1 ms
2025-09-30 01:28:23.612 [http-nio-8080-exec-2] DEBUG o.s.jdbc.datasource.DataSourceUtils - Fetching JDBC Connection from DataSource
2025-09-30 01:29:05.791 [SpringApplicationShutdownHook] INFO  com.zaxxer.hikari.HikariDataSource - HikariPool-1 - Shutdown initiated...
2025-09-30 01:29:05.793 [SpringApplicationShutdownHook] INFO  com.zaxxer.hikari.HikariDataSource - HikariPool-1 - Shutdown completed.
2025-09-30 01:29:06.916 [main] INFO  com.yqmy.YqmyWebApplication - Starting YqmyWebApplication v1.0-SNAPSHOT using Java 17.0.2 on DESKTOP-H75TK46 with PID 1 (/app/yqmy-web.jar started by root in /app)
2025-09-30 01:29:06.919 [main] DEBUG com.yqmy.YqmyWebApplication - Running with Spring Boot v2.7.17, Spring v5.3.30
2025-09-30 01:29:06.920 [main] INFO  com.yqmy.YqmyWebApplication - The following 1 profile is active: "prod"
2025-09-30 01:29:07.567 [main] INFO  o.s.d.r.c.RepositoryConfigurationDelegate - Multiple Spring Data modules found, entering strict repository configuration mode
2025-09-30 01:29:07.571 [main] INFO  o.s.d.r.c.RepositoryConfigurationDelegate - Bootstrapping Spring Data Redis repositories in DEFAULT mode.
2025-09-30 01:29:07.597 [main] INFO  o.s.d.r.c.RepositoryConfigurationDelegate - Finished Spring Data repository scanning in 8 ms. Found 0 Redis repository interfaces.
2025-09-30 01:29:07.722 [main] DEBUG o.m.s.mapper.ClassPathMapperScanner - Identified candidate component class: URL [jar:file:/app/yqmy-web.jar!/BOOT-INF/classes!/com/yqmy/mapper/UserMapper.class]
2025-09-30 01:29:07.724 [main] DEBUG o.m.s.mapper.ClassPathMapperScanner - Creating MapperFactoryBean with name 'userMapper' and 'com.yqmy.mapper.UserMapper' mapperInterface
2025-09-30 01:29:08.178 [main] INFO  o.s.b.w.e.tomcat.TomcatWebServer - Tomcat initialized with port(s): 8080 (http)
2025-09-30 01:29:08.184 [main] INFO  o.a.coyote.http11.Http11NioProtocol - Initializing ProtocolHandler ["http-nio-8080"]
2025-09-30 01:29:08.186 [main] INFO  o.a.catalina.core.StandardService - Starting service [Tomcat]
2025-09-30 01:29:08.186 [main] INFO  o.a.catalina.core.StandardEngine - Starting Servlet engine: [Apache Tomcat/9.0.82]
2025-09-30 01:29:08.232 [main] INFO  o.a.c.c.C.[Tomcat].[localhost].[/] - Initializing Spring embedded WebApplicationContext
2025-09-30 01:29:08.232 [main] INFO  o.s.b.w.s.c.ServletWebServerApplicationContext - Root WebApplicationContext: initialization completed in 1259 ms
2025-09-30 01:29:09.521 [main] DEBUG o.s.jdbc.datasource.DataSourceUtils - Fetching JDBC Connection from DataSource
2025-09-30 01:29:09.522 [main] INFO  com.zaxxer.hikari.HikariDataSource - HikariPool-1 - Starting...
2025-09-30 01:29:09.582 [main] INFO  com.zaxxer.hikari.HikariDataSource - HikariPool-1 - Start completed.
2025-09-30 01:29:09.649 [main] INFO  o.a.coyote.http11.Http11NioProtocol - Starting ProtocolHandler ["http-nio-8080"]
2025-09-30 01:29:09.661 [main] INFO  o.s.b.w.e.tomcat.TomcatWebServer - Tomcat started on port(s): 8080 (http) with context path ''
2025-09-30 01:29:09.867 [main] INFO  com.yqmy.YqmyWebApplication - Started YqmyWebApplication in 3.296 seconds (JVM running for 3.602)
2025-09-30 01:29:45.202 [http-nio-8080-exec-1] INFO  o.a.c.c.C.[Tomcat].[localhost].[/] - Initializing Spring DispatcherServlet 'dispatcherServlet'
2025-09-30 01:29:45.203 [http-nio-8080-exec-1] INFO  o.s.web.servlet.DispatcherServlet - Initializing Servlet 'dispatcherServlet'
2025-09-30 01:29:45.204 [http-nio-8080-exec-1] INFO  o.s.web.servlet.DispatcherServlet - Completed initialization in 1 ms
2025-09-30 01:29:45.274 [http-nio-8080-exec-1] DEBUG org.mybatis.spring.SqlSessionUtils - Creating a new SqlSession
2025-09-30 01:29:45.278 [http-nio-8080-exec-1] DEBUG org.mybatis.spring.SqlSessionUtils - SqlSession [org.apache.ibatis.session.defaults.DefaultSqlSession@38b338ea] was not registered for synchronization because synchronization is not active
2025-09-30 01:29:45.289 [http-nio-8080-exec-1] DEBUG o.s.jdbc.datasource.DataSourceUtils - Fetching JDBC Connection from DataSource
2025-09-30 01:29:45.290 [http-nio-8080-exec-1] DEBUG o.m.s.t.SpringManagedTransaction - JDBC Connection [HikariProxyConnection@405903445 wrapping org.postgresql.jdbc.PgConnection@17f0a6c1] will not be managed by Spring
2025-09-30 01:29:45.291 [http-nio-8080-exec-1] DEBUG com.yqmy.mapper.UserMapper.insert - ==>  Preparing: INSERT INTO users ( username, password, email ) VALUES ( ?, ?, ? )
2025-09-30 01:29:45.300 [http-nio-8080-exec-1] DEBUG com.yqmy.mapper.UserMapper.insert - ==> Parameters: hujiawei(String), hjw@1234(String), huandrong@163.com(String)
2025-09-30 01:29:45.307 [http-nio-8080-exec-1] DEBUG com.yqmy.mapper.UserMapper.insert - <==    Updates: 1
2025-09-30 01:29:45.311 [http-nio-8080-exec-1] DEBUG org.mybatis.spring.SqlSessionUtils - Closing non transactional SqlSession [org.apache.ibatis.session.defaults.DefaultSqlSession@38b338ea]
2025-09-30 01:30:28.910 [http-nio-8080-exec-3] DEBUG org.mybatis.spring.SqlSessionUtils - Creating a new SqlSession
2025-09-30 01:30:28.910 [http-nio-8080-exec-3] DEBUG org.mybatis.spring.SqlSessionUtils - SqlSession [org.apache.ibatis.session.defaults.DefaultSqlSession@32de12d5] was not registered for synchronization because synchronization is not active
2025-09-30 01:30:28.911 [http-nio-8080-exec-3] DEBUG o.s.jdbc.datasource.DataSourceUtils - Fetching JDBC Connection from DataSource
2025-09-30 01:30:28.911 [http-nio-8080-exec-3] DEBUG o.m.s.t.SpringManagedTransaction - JDBC Connection [HikariProxyConnection@1008331518 wrapping org.postgresql.jdbc.PgConnection@17f0a6c1] will not be managed by Spring
2025-09-30 01:30:28.911 [http-nio-8080-exec-3] DEBUG com.yqmy.mapper.UserMapper.insert - ==>  Preparing: INSERT INTO users ( username, password, email ) VALUES ( ?, ?, ? )
2025-09-30 01:30:28.912 [http-nio-8080-exec-3] DEBUG com.yqmy.mapper.UserMapper.insert - ==> Parameters: hujiawei(String), hjw@1234(String), huandrong@163.com(String)
2025-09-30 01:30:28.913 [http-nio-8080-exec-3] DEBUG com.yqmy.mapper.UserMapper.insert - <==    Updates: 1
2025-09-30 01:30:28.914 [http-nio-8080-exec-3] DEBUG org.mybatis.spring.SqlSessionUtils - Closing non transactional SqlSession [org.apache.ibatis.session.defaults.DefaultSqlSession@32de12d5]
